0 info it worked if it ends with ok
1 verbose cli [ '/usr/local/bin/node', '/usr/local/bin/npm', 'install' ]
2 info using npm@1.4.23
3 info using node@v0.10.31
4 verbose readDependencies using package.json deps
5 verbose install where, deps [ '/home/angel/projectes/angular/nantic-tryton-angular-gantt',
5 verbose install   [ 'karma', 'protractor', 'shelljs', 'karma-junit-reporter' ] ]
6 info preinstall nantic-tryton-angular-gantt@0.0.1
7 verbose readDependencies using package.json deps
8 verbose already installed skipping protractor@^1.1.1 /home/angel/projectes/angular/nantic-tryton-angular-gantt
9 verbose already installed skipping shelljs@^0.2.6 /home/angel/projectes/angular/nantic-tryton-angular-gantt
10 verbose already installed skipping karma-junit-reporter@^0.2.2 /home/angel/projectes/angular/nantic-tryton-angular-gantt
11 verbose already installed skipping karma@~0.10 /home/angel/projectes/angular/nantic-tryton-angular-gantt
12 silly resolved []
13 info build /home/angel/projectes/angular/nantic-tryton-angular-gantt
14 verbose linkStuff [ false, false, false, '/home/angel/projectes/angular' ]
15 info linkStuff nantic-tryton-angular-gantt@0.0.1
16 verbose linkBins nantic-tryton-angular-gantt@0.0.1
17 verbose linkMans nantic-tryton-angular-gantt@0.0.1
18 verbose rebuildBundles nantic-tryton-angular-gantt@0.0.1
19 verbose rebuildBundles [ '.bin',
19 verbose rebuildBundles   'bower',
19 verbose rebuildBundles   'http-server',
19 verbose rebuildBundles   'karma',
19 verbose rebuildBundles   'karma-chrome-launcher',
19 verbose rebuildBundles   'karma-coffee-preprocessor',
19 verbose rebuildBundles   'karma-firefox-launcher',
19 verbose rebuildBundles   'karma-html2js-preprocessor',
19 verbose rebuildBundles   'karma-jasmine',
19 verbose rebuildBundles   'karma-junit-reporter',
19 verbose rebuildBundles   'karma-phantomjs-launcher',
19 verbose rebuildBundles   'karma-requirejs',
19 verbose rebuildBundles   'karma-script-launcher',
19 verbose rebuildBundles   'protractor',
19 verbose rebuildBundles   'requirejs',
19 verbose rebuildBundles   'shelljs' ]
20 verbose rebuild bundle /home/angel/projectes/angular/nantic-tryton-angular-gantt/node_modules/bower
21 info build /home/angel/projectes/angular/nantic-tryton-angular-gantt/node_modules/bower
22 info preinstall bower@1.3.11
23 verbose linkStuff [ false,
23 verbose linkStuff   false,
23 verbose linkStuff   false,
23 verbose linkStuff   '/home/angel/projectes/angular/nantic-tryton-angular-gantt/node_modules' ]
24 info linkStuff bower@1.3.11
25 warn prefer global bower@1.3.11 should be installed with -g
26 verbose linkBins bower@1.3.11
27 verbose link bins [ { bower: 'bin/bower' },
27 verbose link bins   '/home/angel/projectes/angular/nantic-tryton-angular-gantt/node_modules/.bin',
27 verbose link bins   false ]
28 verbose linkMans bower@1.3.11
29 verbose rebuildBundles bower@1.3.11
30 verbose rebuildBundles [ '.bin',
30 verbose rebuildBundles   'abbrev',
30 verbose rebuildBundles   'archy',
30 verbose rebuildBundles   'bower-config',
30 verbose rebuildBundles   'bower-endpoint-parser',
30 verbose rebuildBundles   'bower-json',
30 verbose rebuildBundles   'bower-logger',
30 verbose rebuildBundles   'bower-registry-client',
30 verbose rebuildBundles   'cardinal',
30 verbose rebuildBundles   'chalk',
30 verbose rebuildBundles   'chmodr',
30 verbose rebuildBundles   'decompress-zip',
30 verbose rebuildBundles   'fstream',
30 verbose rebuildBundles   'fstream-ignore',
30 verbose rebuildBundles   'glob',
30 verbose rebuildBundles   'graceful-fs',
30 verbose rebuildBundles   'handlebars',
30 verbose rebuildBundles   'inquirer',
30 verbose rebuildBundles   'insight',
30 verbose rebuildBundles   'is-root',
30 verbose rebuildBundles   'junk',
30 verbose rebuildBundles   'lockfile',
30 verbose rebuildBundles   'lru-cache',
30 verbose rebuildBundles   'mkdirp',
30 verbose rebuildBundles   'mout',
30 verbose rebuildBundles   'nopt',
30 verbose rebuildBundles   'opn',
30 verbose rebuildBundles   'osenv',
30 verbose rebuildBundles   'p-throttler',
30 verbose rebuildBundles   'promptly',
30 verbose rebuildBundles   'q',
30 verbose rebuildBundles   'request',
30 verbose rebuildBundles   'request-progress',
30 verbose rebuildBundles   'retry',
30 verbose rebuildBundles   'rimraf',
30 verbose rebuildBundles   'semver',
30 verbose rebuildBundles   'shell-quote',
30 verbose rebuildBundles   'stringify-object',
30 verbose rebuildBundles   'tar-fs',
30 verbose rebuildBundles   'tmp',
30 verbose rebuildBundles   'update-notifier',
30 verbose rebuildBundles   'which' ]
31 info install bower@1.3.11
32 info postinstall bower@1.3.11
33 verbose rebuild bundle /home/angel/projectes/angular/nantic-tryton-angular-gantt/node_modules/http-server
34 info build /home/angel/projectes/angular/nantic-tryton-angular-gantt/node_modules/http-server
35 info preinstall http-server@0.6.1
36 verbose linkStuff [ false,
36 verbose linkStuff   false,
36 verbose linkStuff   false,
36 verbose linkStuff   '/home/angel/projectes/angular/nantic-tryton-angular-gantt/node_modules' ]
37 info linkStuff http-server@0.6.1
38 warn prefer global http-server@0.6.1 should be installed with -g
39 verbose linkBins http-server@0.6.1
40 verbose link bins [ { 'http-server': './bin/http-server' },
40 verbose link bins   '/home/angel/projectes/angular/nantic-tryton-angular-gantt/node_modules/.bin',
40 verbose link bins   false ]
41 verbose linkMans http-server@0.6.1
42 verbose rebuildBundles http-server@0.6.1
43 verbose rebuildBundles [ '.bin',
43 verbose rebuildBundles   'colors',
43 verbose rebuildBundles   'ecstatic',
43 verbose rebuildBundles   'opener',
43 verbose rebuildBundles   'optimist',
43 verbose rebuildBundles   'portfinder',
43 verbose rebuildBundles   'union' ]
44 info install http-server@0.6.1
45 info postinstall http-server@0.6.1
46 verbose rebuild bundle /home/angel/projectes/angular/nantic-tryton-angular-gantt/node_modules/karma-chrome-launcher
47 info build /home/angel/projectes/angular/nantic-tryton-angular-gantt/node_modules/karma-chrome-launcher
48 info preinstall karma-chrome-launcher@0.1.4
49 verbose linkStuff [ false,
49 verbose linkStuff   false,
49 verbose linkStuff   false,
49 verbose linkStuff   '/home/angel/projectes/angular/nantic-tryton-angular-gantt/node_modules' ]
50 info linkStuff karma-chrome-launcher@0.1.4
51 verbose linkBins karma-chrome-launcher@0.1.4
52 verbose linkMans karma-chrome-launcher@0.1.4
53 verbose rebuildBundles karma-chrome-launcher@0.1.4
54 info install karma-chrome-launcher@0.1.4
55 info postinstall karma-chrome-launcher@0.1.4
56 verbose rebuild bundle /home/angel/projectes/angular/nantic-tryton-angular-gantt/node_modules/karma-coffee-preprocessor
57 info build /home/angel/projectes/angular/nantic-tryton-angular-gantt/node_modules/karma-coffee-preprocessor
58 info preinstall karma-coffee-preprocessor@0.1.3
59 verbose linkStuff [ false,
59 verbose linkStuff   false,
59 verbose linkStuff   false,
59 verbose linkStuff   '/home/angel/projectes/angular/nantic-tryton-angular-gantt/node_modules' ]
60 info linkStuff karma-coffee-preprocessor@0.1.3
61 verbose linkBins karma-coffee-preprocessor@0.1.3
62 verbose linkMans karma-coffee-preprocessor@0.1.3
63 verbose rebuildBundles karma-coffee-preprocessor@0.1.3
64 verbose rebuildBundles [ '.bin', 'coffee-script' ]
65 info install karma-coffee-preprocessor@0.1.3
66 info postinstall karma-coffee-preprocessor@0.1.3
67 verbose rebuild bundle /home/angel/projectes/angular/nantic-tryton-angular-gantt/node_modules/karma-firefox-launcher
68 info build /home/angel/projectes/angular/nantic-tryton-angular-gantt/node_modules/karma-firefox-launcher
69 info preinstall karma-firefox-launcher@0.1.3
70 verbose linkStuff [ false,
70 verbose linkStuff   false,
70 verbose linkStuff   false,
70 verbose linkStuff   '/home/angel/projectes/angular/nantic-tryton-angular-gantt/node_modules' ]
71 info linkStuff karma-firefox-launcher@0.1.3
72 verbose linkBins karma-firefox-launcher@0.1.3
73 verbose linkMans karma-firefox-launcher@0.1.3
74 verbose rebuildBundles karma-firefox-launcher@0.1.3
75 info install karma-firefox-launcher@0.1.3
76 info postinstall karma-firefox-launcher@0.1.3
77 verbose rebuild bundle /home/angel/projectes/angular/nantic-tryton-angular-gantt/node_modules/karma-html2js-preprocessor
78 info build /home/angel/projectes/angular/nantic-tryton-angular-gantt/node_modules/karma-html2js-preprocessor
79 info preinstall karma-html2js-preprocessor@0.1.0
80 verbose linkStuff [ false,
80 verbose linkStuff   false,
80 verbose linkStuff   false,
80 verbose linkStuff   '/home/angel/projectes/angular/nantic-tryton-angular-gantt/node_modules' ]
81 info linkStuff karma-html2js-preprocessor@0.1.0
82 verbose linkBins karma-html2js-preprocessor@0.1.0
83 verbose linkMans karma-html2js-preprocessor@0.1.0
84 verbose rebuildBundles karma-html2js-preprocessor@0.1.0
85 info install karma-html2js-preprocessor@0.1.0
86 info postinstall karma-html2js-preprocessor@0.1.0
87 verbose rebuild bundle /home/angel/projectes/angular/nantic-tryton-angular-gantt/node_modules/karma-jasmine
88 info build /home/angel/projectes/angular/nantic-tryton-angular-gantt/node_modules/karma-jasmine
89 info preinstall karma-jasmine@0.1.5
90 verbose linkStuff [ false,
90 verbose linkStuff   false,
90 verbose linkStuff   false,
90 verbose linkStuff   '/home/angel/projectes/angular/nantic-tryton-angular-gantt/node_modules' ]
91 info linkStuff karma-jasmine@0.1.5
92 verbose linkBins karma-jasmine@0.1.5
93 verbose linkMans karma-jasmine@0.1.5
94 verbose rebuildBundles karma-jasmine@0.1.5
95 info install karma-jasmine@0.1.5
96 info postinstall karma-jasmine@0.1.5
97 verbose rebuild bundle /home/angel/projectes/angular/nantic-tryton-angular-gantt/node_modules/karma-phantomjs-launcher
98 info build /home/angel/projectes/angular/nantic-tryton-angular-gantt/node_modules/karma-phantomjs-launcher
99 info preinstall karma-phantomjs-launcher@0.1.4
100 verbose linkStuff [ false,
100 verbose linkStuff   false,
100 verbose linkStuff   false,
100 verbose linkStuff   '/home/angel/projectes/angular/nantic-tryton-angular-gantt/node_modules' ]
101 info linkStuff karma-phantomjs-launcher@0.1.4
102 verbose linkBins karma-phantomjs-launcher@0.1.4
103 verbose linkMans karma-phantomjs-launcher@0.1.4
104 verbose rebuildBundles karma-phantomjs-launcher@0.1.4
105 verbose rebuildBundles [ '.bin', 'phantomjs' ]
106 info install karma-phantomjs-launcher@0.1.4
107 info postinstall karma-phantomjs-launcher@0.1.4
108 verbose rebuild bundle /home/angel/projectes/angular/nantic-tryton-angular-gantt/node_modules/karma-requirejs
109 info build /home/angel/projectes/angular/nantic-tryton-angular-gantt/node_modules/karma-requirejs
110 info preinstall karma-requirejs@0.2.2
111 verbose linkStuff [ false,
111 verbose linkStuff   false,
111 verbose linkStuff   false,
111 verbose linkStuff   '/home/angel/projectes/angular/nantic-tryton-angular-gantt/node_modules' ]
112 info linkStuff karma-requirejs@0.2.2
113 verbose linkBins karma-requirejs@0.2.2
114 verbose linkMans karma-requirejs@0.2.2
115 verbose rebuildBundles karma-requirejs@0.2.2
116 info install karma-requirejs@0.2.2
117 info postinstall karma-requirejs@0.2.2
118 verbose rebuild bundle /home/angel/projectes/angular/nantic-tryton-angular-gantt/node_modules/karma-script-launcher
119 info build /home/angel/projectes/angular/nantic-tryton-angular-gantt/node_modules/karma-script-launcher
120 info preinstall karma-script-launcher@0.1.0
121 verbose linkStuff [ false,
121 verbose linkStuff   false,
121 verbose linkStuff   false,
121 verbose linkStuff   '/home/angel/projectes/angular/nantic-tryton-angular-gantt/node_modules' ]
122 info linkStuff karma-script-launcher@0.1.0
123 verbose linkBins karma-script-launcher@0.1.0
124 verbose linkMans karma-script-launcher@0.1.0
125 verbose rebuildBundles karma-script-launcher@0.1.0
126 info install karma-script-launcher@0.1.0
127 info postinstall karma-script-launcher@0.1.0
128 verbose rebuild bundle /home/angel/projectes/angular/nantic-tryton-angular-gantt/node_modules/requirejs
129 info build /home/angel/projectes/angular/nantic-tryton-angular-gantt/node_modules/requirejs
130 info preinstall requirejs@2.1.15
131 verbose linkStuff [ false,
131 verbose linkStuff   false,
131 verbose linkStuff   false,
131 verbose linkStuff   '/home/angel/projectes/angular/nantic-tryton-angular-gantt/node_modules' ]
132 info linkStuff requirejs@2.1.15
133 verbose linkBins requirejs@2.1.15
134 verbose link bins [ { 'r.js': './bin/r.js' },
134 verbose link bins   '/home/angel/projectes/angular/nantic-tryton-angular-gantt/node_modules/.bin',
134 verbose link bins   false ]
135 verbose linkMans requirejs@2.1.15
136 verbose rebuildBundles requirejs@2.1.15
137 info install requirejs@2.1.15
138 info postinstall requirejs@2.1.15
139 info install nantic-tryton-angular-gantt@0.0.1
140 info postinstall nantic-tryton-angular-gantt@0.0.1
141 verbose unsafe-perm in lifecycle true
142 info nantic-tryton-angular-gantt@0.0.1 Failed to exec postinstall script
143 error nantic-tryton-angular-gantt@0.0.1 postinstall: `bower install`
143 error Exit status 1
144 error Failed at the nantic-tryton-angular-gantt@0.0.1 postinstall script.
144 error This is most likely a problem with the nantic-tryton-angular-gantt package,
144 error not with npm itself.
144 error Tell the author that this fails on your system:
144 error     bower install
144 error You can get their info via:
144 error     npm owner ls nantic-tryton-angular-gantt
144 error There is likely additional logging output above.
145 error System Linux 3.2.0-4-amd64
146 error command "/usr/local/bin/node" "/usr/local/bin/npm" "install"
147 error cwd /home/angel/projectes/angular/nantic-tryton-angular-gantt
148 error node -v v0.10.31
149 error npm -v 1.4.23
150 error code ELIFECYCLE
151 verbose exit [ 1, true ]
